[2023-08-06T22:13:19.966Z] WinstonService info: server is listening to 3000
[2023-08-06T22:13:31.384Z] WinstonService info: Mon Aug 07 2023 03:43:31 GMT+0530 (India Standard Time) : /api/roles : GET
[2023-08-06T22:14:03.287Z] WinstonService info: Mon Aug 07 2023 03:44:03 GMT+0530 (India Standard Time) : /api/employees : POST
[2023-08-06T22:18:37.174Z] WinstonService info: server is listening to 3000
[2023-08-06T22:21:30.101Z] WinstonService [32minfo[39m: server is listening to 3000
[2023-08-06T23:04:10.698Z] WinstonService [32minfo[39m: server is listening to 3000
[2023-08-06T23:04:24.419Z] WinstonService [32minfo[39m: Mon Aug 07 2023 04:34:24 GMT+0530 (India Standard Time) : /api/departments : POST
[2023-08-06T23:19:46.314Z] WinstonService [32minfo[39m: server is listening to 3000
[2023-08-06T23:20:00.626Z] WinstonService [32minfo[39m: Mon Aug 07 2023 04:50:00 GMT+0530 (India Standard Time) : /api/departments : POST
[2023-08-07T04:50:40.276Z] WinstonService [32minfo[39m: server is listening to 3000
[2023-08-07T04:51:27.504Z] WinstonService [32minfo[39m: Mon Aug 07 2023 10:21:27 GMT+0530 (India Standard Time) : /api/departments : POST
[2023-08-07T05:23:20.786Z] WinstonService [32minfo[39m: server is listening to 3000
[2023-08-07T05:23:42.397Z] WinstonService [32minfo[39m: Mon Aug 07 2023 10:53:42 GMT+0530 (India Standard Time) : /api/employees : POST
[2023-08-07T05:25:29.503Z] WinstonService [32minfo[39m: server is listening to 3000
[2023-08-07T05:27:42.730Z] WinstonService [32minfo[39m: server is listening to 3000
[2023-08-07T05:27:44.970Z] WinstonService [32minfo[39m: Mon Aug 07 2023 10:57:44 GMT+0530 (India Standard Time) : /api/employees : POST
[2023-08-07T05:28:35.746Z] WinstonService [32minfo[39m: server is listening to 3000
[2023-08-07T05:28:43.072Z] WinstonService [32minfo[39m: Mon Aug 07 2023 10:58:43 GMT+0530 (India Standard Time) : /api/employees : GET
[2023-08-07T05:31:14.115Z] WinstonService [32minfo[39m: Mon Aug 07 2023 11:01:14 GMT+0530 (India Standard Time) : /api/employees/1 : GET
[2023-08-07T06:13:06.211Z] WinstonService [32minfo[39m: Mon Aug 07 2023 11:43:06 GMT+0530 (India Standard Time) : /api/departments : GET
[2023-08-07T06:21:02.872Z] WinstonService [32minfo[39m: Mon Aug 07 2023 11:51:02 GMT+0530 (India Standard Time) : /api/employees : GET
[2023-08-07T06:21:17.572Z] WinstonService [32minfo[39m: server is listening to 3000
[2023-08-07T06:21:18.702Z] WinstonService [32minfo[39m: Mon Aug 07 2023 11:51:18 GMT+0530 (India Standard Time) : /api/employees : GET
[2023-08-07T06:32:51.769Z] WinstonService [32minfo[39m: Mon Aug 07 2023 12:02:51 GMT+0530 (India Standard Time) : /api/employees : POST
[2023-08-07T06:45:53.335Z] WinstonService [32minfo[39m: server is listening to 3000
[2023-08-07T06:45:55.426Z] WinstonService [32minfo[39m: Mon Aug 07 2023 12:15:55 GMT+0530 (India Standard Time) : /api/employees : POST
[2023-08-07T06:49:35.977Z] WinstonService [32minfo[39m: server is listening to 3000
[2023-08-07T06:49:41.207Z] WinstonService [32minfo[39m: Mon Aug 07 2023 12:19:41 GMT+0530 (India Standard Time) : /api/employees : POST
[2023-08-07T06:51:28.074Z] WinstonService [32minfo[39m: Mon Aug 07 2023 12:21:28 GMT+0530 (India Standard Time) : /api/employees : POST
[2023-08-07T06:51:35.293Z] WinstonService [31merror[39m: insert or update on table "employees" violates foreign key constraint "FK_678a3540f843823784b0fe4a4f2"
[2023-08-07T07:50:34.923Z] WinstonService [32minfo[39m: server is listening to 3000
[2023-08-07T07:50:37.416Z] WinstonService [32minfo[39m: Mon Aug 07 2023 13:20:37 GMT+0530 (India Standard Time) : /api/employees : GET
[2023-08-07T07:51:21.173Z] WinstonService [32minfo[39m: Mon Aug 07 2023 13:21:21 GMT+0530 (India Standard Time) : /api/employees : POST
[2023-08-07T07:51:21.271Z] WinstonService [31merror[39m: insert or update on table "employees" violates foreign key constraint "FK_678a3540f843823784b0fe4a4f2"
[2023-08-07T07:51:33.142Z] WinstonService [32minfo[39m: Mon Aug 07 2023 13:21:33 GMT+0530 (India Standard Time) : /api/employees : POST
[2023-08-07T07:51:53.278Z] WinstonService [32minfo[39m: Mon Aug 07 2023 13:21:53 GMT+0530 (India Standard Time) : /api/employees/729b2cfc-eb80-42e6-ba15-5cb900a81c65 : PATCH
[2023-08-07T07:51:53.308Z] WinstonService [31merror[39m: invalid input syntax for type integer: "NaN"
[2023-08-07T07:54:52.924Z] WinstonService [32minfo[39m: server is listening to 3000
[2023-08-07T07:54:56.678Z] WinstonService [32minfo[39m: Mon Aug 07 2023 13:24:56 GMT+0530 (India Standard Time) : /api/employees/729b2cfc-eb80-42e6-ba15-5cb900a81c65 : PATCH
[2023-08-07T07:54:56.715Z] WinstonService [31merror[39m: invalid input syntax for type integer: "NaN"
[2023-08-07T07:55:17.706Z] WinstonService [32minfo[39m: Mon Aug 07 2023 13:25:17 GMT+0530 (India Standard Time) : /api/employees/1 : PATCH
[2023-08-07T07:55:23.620Z] WinstonService [32minfo[39m: Mon Aug 07 2023 13:25:23 GMT+0530 (India Standard Time) : /api/employees : GET
[2023-08-07T07:55:31.749Z] WinstonService [32minfo[39m: Mon Aug 07 2023 13:25:31 GMT+0530 (India Standard Time) : /api/employees/7 : PATCH
[2023-08-07T07:55:43.853Z] WinstonService [32minfo[39m: Mon Aug 07 2023 13:25:43 GMT+0530 (India Standard Time) : /api/employees : GET
[2023-08-07T09:39:21.240Z] WinstonService [32minfo[39m: server is listening to 3000
[2023-08-07T09:41:36.006Z] WinstonService [32minfo[39m: Mon Aug 07 2023 15:11:36 GMT+0530 (India Standard Time) : /api/employees : POST
[2023-08-07T09:41:53.822Z] WinstonService [32minfo[39m: Mon Aug 07 2023 15:11:53 GMT+0530 (India Standard Time) : /api/employees : POST
[2023-08-07T09:41:53.920Z] WinstonService [31merror[39m: insert or update on table "employees" violates foreign key constraint "FK_678a3540f843823784b0fe4a4f2"
[2023-08-07T09:42:12.308Z] WinstonService [32minfo[39m: Mon Aug 07 2023 15:12:12 GMT+0530 (India Standard Time) : /api/departments : GET
[2023-08-07T09:42:37.943Z] WinstonService [32minfo[39m: Mon Aug 07 2023 15:12:37 GMT+0530 (India Standard Time) : /api/departments/5 : PUT
[2023-08-07T09:42:51.910Z] WinstonService [32minfo[39m: Mon Aug 07 2023 15:12:51 GMT+0530 (India Standard Time) : /api/employees : POST
[2023-08-07T09:43:24.538Z] WinstonService [32minfo[39m: Mon Aug 07 2023 15:13:24 GMT+0530 (India Standard Time) : /api/employees : POST
[2023-08-07T09:43:38.683Z] WinstonService [32minfo[39m: Mon Aug 07 2023 15:13:38 GMT+0530 (India Standard Time) : /api/employees : GET
[2023-08-07T09:44:20.449Z] WinstonService [32minfo[39m: Mon Aug 07 2023 15:14:20 GMT+0530 (India Standard Time) : /api/employees : POST
[2023-08-07T09:44:35.272Z] WinstonService [32minfo[39m: Mon Aug 07 2023 15:14:35 GMT+0530 (India Standard Time) : /api/employees/login : POST
[2023-08-07T09:44:38.968Z] WinstonService [32minfo[39m: Mon Aug 07 2023 15:14:38 GMT+0530 (India Standard Time) : /api/employees : POST
[2023-08-07T09:45:10.000Z] WinstonService [32minfo[39m: Mon Aug 07 2023 15:15:10 GMT+0530 (India Standard Time) : /api/employees : GET
[2023-08-07T09:45:42.168Z] WinstonService [32minfo[39m: server is listening to 3000
[2023-08-07T09:45:52.377Z] WinstonService [32minfo[39m: Mon Aug 07 2023 15:15:52 GMT+0530 (India Standard Time) : /api/employees/login : POST
[2023-08-07T09:45:56.106Z] WinstonService [32minfo[39m: Mon Aug 07 2023 15:15:56 GMT+0530 (India Standard Time) : /api/employees : GET
[2023-08-07T09:46:12.970Z] WinstonService [32minfo[39m: Mon Aug 07 2023 15:16:12 GMT+0530 (India Standard Time) : /api/employees/10 : GET
[2023-08-07T09:46:46.832Z] WinstonService [32minfo[39m: Mon Aug 07 2023 15:16:46 GMT+0530 (India Standard Time) : /api/employees/10 : PATCH
[2023-08-07T09:47:11.100Z] WinstonService [32minfo[39m: Mon Aug 07 2023 15:17:11 GMT+0530 (India Standard Time) : /api/employees/11 : DELETE
[2023-08-07T09:47:15.835Z] WinstonService [32minfo[39m: Mon Aug 07 2023 15:17:15 GMT+0530 (India Standard Time) : /api/employees : GET
[2023-08-07T09:47:26.779Z] WinstonService [32minfo[39m: Mon Aug 07 2023 15:17:26 GMT+0530 (India Standard Time) : /api/employees : GET
[2023-08-07T09:48:34.838Z] WinstonService [32minfo[39m: Mon Aug 07 2023 15:18:34 GMT+0530 (India Standard Time) : /api/employees/11 : DELETE
[2023-08-07T09:50:40.719Z] WinstonService [32minfo[39m: server is listening to 3000
[2023-08-07T09:50:45.575Z] WinstonService [32minfo[39m: Mon Aug 07 2023 15:20:45 GMT+0530 (India Standard Time) : /api/employees/11 : DELETE
[2023-08-07T09:50:49.873Z] WinstonService [32minfo[39m: Mon Aug 07 2023 15:20:49 GMT+0530 (India Standard Time) : /api/employees/12 : DELETE
[2023-08-07T09:50:54.160Z] WinstonService [32minfo[39m: Mon Aug 07 2023 15:20:54 GMT+0530 (India Standard Time) : /api/employees : GET
[2023-08-07T09:51:47.767Z] WinstonService [32minfo[39m: Mon Aug 07 2023 15:21:47 GMT+0530 (India Standard Time) : /api/departments/1 : GET
[2023-08-07T09:51:53.965Z] WinstonService [32minfo[39m: Mon Aug 07 2023 15:21:53 GMT+0530 (India Standard Time) : /api/departments/1 : PUT
[2023-08-07T09:51:53.976Z] WinstonService [31merror[39m: Cannot set properties of null (setting 'name')
[2023-08-07T09:52:38.409Z] WinstonService [32minfo[39m: Mon Aug 07 2023 15:22:38 GMT+0530 (India Standard Time) : /api/departments/1 : PUT
[2023-08-07T09:52:38.422Z] WinstonService [31merror[39m: Cannot set properties of null (setting 'name')
[2023-08-07T09:54:42.437Z] WinstonService [32minfo[39m: server is listening to 3000
[2023-08-07T09:54:47.713Z] WinstonService [32minfo[39m: Mon Aug 07 2023 15:24:47 GMT+0530 (India Standard Time) : /api/departments/1 : PUT
[2023-08-07T09:54:47.729Z] WinstonService [31merror[39m: Cannot set properties of null (setting 'name')
[2023-08-07T09:56:06.384Z] WinstonService [32minfo[39m: Mon Aug 07 2023 15:26:06 GMT+0530 (India Standard Time) : /api/departments/1 : PUT
[2023-08-07T09:56:06.402Z] WinstonService [31merror[39m: Cannot set properties of null (setting 'name')
[2023-08-07T09:56:15.793Z] WinstonService [32minfo[39m: server is listening to 3000
[2023-08-07T09:56:21.198Z] WinstonService [32minfo[39m: Mon Aug 07 2023 15:26:21 GMT+0530 (India Standard Time) : /api/departments/1 : PUT
[2023-08-07T09:56:29.560Z] WinstonService [32minfo[39m: Mon Aug 07 2023 15:26:29 GMT+0530 (India Standard Time) : /api/departments/5 : PUT
[2023-08-07T09:56:39.787Z] WinstonService [32minfo[39m: Mon Aug 07 2023 15:26:39 GMT+0530 (India Standard Time) : /api/departments/2 : DELETE
[2023-08-07T09:57:42.408Z] WinstonService [32minfo[39m: server is listening to 3000
[2023-08-07T09:57:44.370Z] WinstonService [32minfo[39m: Mon Aug 07 2023 15:27:44 GMT+0530 (India Standard Time) : /api/departments/2 : DELETE
[2023-08-07T09:57:49.344Z] WinstonService [32minfo[39m: Mon Aug 07 2023 15:27:49 GMT+0530 (India Standard Time) : /api/departments/5 : DELETE
[2023-08-07T09:59:55.216Z] WinstonService [32minfo[39m: Mon Aug 07 2023 15:29:55 GMT+0530 (India Standard Time) : /api/roles : GET
[2023-08-07T10:01:52.692Z] WinstonService [32minfo[39m: server is listening to 3000
[2023-08-07T10:01:55.882Z] WinstonService [32minfo[39m: Mon Aug 07 2023 15:31:55 GMT+0530 (India Standard Time) : /api/roles : GET
[2023-08-07T10:10:55.018Z] WinstonService [32minfo[39m: server is listening to 3000
[2023-08-07T10:11:07.378Z] WinstonService [32minfo[39m: Mon Aug 07 2023 15:41:07 GMT+0530 (India Standard Time) : /api/departments : POST
[2023-08-07T10:11:21.782Z] WinstonService [32minfo[39m: Mon Aug 07 2023 15:41:21 GMT+0530 (India Standard Time) : /api/employees : POST
[2023-08-07T10:11:52.749Z] WinstonService [32minfo[39m: Mon Aug 07 2023 15:41:52 GMT+0530 (India Standard Time) : /api/departments/10 : DELETE
[2023-08-07T10:21:37.523Z] WinstonService [32minfo[39m: server is listening to 3000
[2023-08-07T10:21:51.685Z] WinstonService [32minfo[39m: Mon Aug 07 2023 15:51:51 GMT+0530 (India Standard Time) : /api/departments : POST
[2023-08-07T10:22:09.064Z] WinstonService [32minfo[39m: Mon Aug 07 2023 15:52:09 GMT+0530 (India Standard Time) : /api/employees : POST
[2023-08-07T10:22:24.637Z] WinstonService [32minfo[39m: Mon Aug 07 2023 15:52:24 GMT+0530 (India Standard Time) : /api/departments/11 : DELETE
[2023-08-07T10:26:04.273Z] WinstonService [32minfo[39m: server is listening to 3000
[2023-08-07T10:26:30.063Z] WinstonService [32minfo[39m: Mon Aug 07 2023 15:56:30 GMT+0530 (India Standard Time) : /api/departments : POST
[2023-08-07T10:26:38.665Z] WinstonService [32minfo[39m: Mon Aug 07 2023 15:56:38 GMT+0530 (India Standard Time) : /api/employees : POST
[2023-08-07T10:26:46.057Z] WinstonService [32minfo[39m: Mon Aug 07 2023 15:56:46 GMT+0530 (India Standard Time) : /api/departments/12 : DELETE
[2023-08-07T10:35:35.725Z] WinstonService [32minfo[39m: server is listening to 3000
[2023-08-07T10:35:41.864Z] WinstonService [32minfo[39m: Mon Aug 07 2023 16:05:41 GMT+0530 (India Standard Time) : /api/departments : POST
[2023-08-07T10:35:52.904Z] WinstonService [32minfo[39m: Mon Aug 07 2023 16:05:52 GMT+0530 (India Standard Time) : /api/employees : POST
[2023-08-07T10:36:04.104Z] WinstonService [32minfo[39m: Mon Aug 07 2023 16:06:04 GMT+0530 (India Standard Time) : /api/departments/13 : DELETE
[2023-08-07T11:07:36.681Z] WinstonService [32minfo[39m: server is listening to 3000
[2023-08-07T11:09:02.367Z] WinstonService [32minfo[39m: server is listening to 3000
[2023-08-07T11:09:10.692Z] WinstonService [32minfo[39m: Mon Aug 07 2023 16:39:10 GMT+0530 (India Standard Time) : /api/employees : POST
[2023-08-07T11:09:30.432Z] WinstonService [32minfo[39m: server is listening to 3000
[2023-08-07T11:09:35.153Z] WinstonService [32minfo[39m: Mon Aug 07 2023 16:39:35 GMT+0530 (India Standard Time) : /api/employees : POST
[2023-08-07T11:09:36.405Z] WinstonService [32minfo[39m: Mon Aug 07 2023 16:39:36 GMT+0530 (India Standard Time) : /api/employees : POST
[2023-08-07T11:09:37.458Z] WinstonService [32minfo[39m: Mon Aug 07 2023 16:39:37 GMT+0530 (India Standard Time) : /api/employees : POST
[2023-08-07T11:09:38.466Z] WinstonService [32minfo[39m: Mon Aug 07 2023 16:39:38 GMT+0530 (India Standard Time) : /api/employees : POST
[2023-08-07T11:09:40.338Z] WinstonService [32minfo[39m: Mon Aug 07 2023 16:39:40 GMT+0530 (India Standard Time) : /api/employees : POST
[2023-08-07T11:09:40.927Z] WinstonService [32minfo[39m: Mon Aug 07 2023 16:39:40 GMT+0530 (India Standard Time) : /api/employees : POST
[2023-08-07T11:09:41.988Z] WinstonService [32minfo[39m: Mon Aug 07 2023 16:39:41 GMT+0530 (India Standard Time) : /api/employees : POST
[2023-08-07T11:09:47.489Z] WinstonService [32minfo[39m: Mon Aug 07 2023 16:39:47 GMT+0530 (India Standard Time) : /api/employees : GET
[2023-08-07T11:10:23.919Z] WinstonService [32minfo[39m: server is listening to 3000
[2023-08-07T11:10:25.755Z] WinstonService [32minfo[39m: Mon Aug 07 2023 16:40:25 GMT+0530 (India Standard Time) : /api/employees : GET
[2023-08-07T11:10:51.985Z] WinstonService [32minfo[39m: Mon Aug 07 2023 16:40:51 GMT+0530 (India Standard Time) : /api/employees?skip=0&take=5 : GET
[2023-08-07T11:11:05.505Z] WinstonService [32minfo[39m: Mon Aug 07 2023 16:41:05 GMT+0530 (India Standard Time) : /api/employees?skip=0&take=1 : GET
[2023-08-07T11:11:21.405Z] WinstonService [32minfo[39m: Mon Aug 07 2023 16:41:21 GMT+0530 (India Standard Time) : /api/employees?skip=0&take=1 : GET
[2023-08-07T11:11:58.730Z] WinstonService [32minfo[39m: server is listening to 3000
[2023-08-07T11:12:02.414Z] WinstonService [32minfo[39m: Mon Aug 07 2023 16:42:02 GMT+0530 (India Standard Time) : /api/employees?skip=0&take=1 : GET
[2023-08-07T11:12:41.561Z] WinstonService [32minfo[39m: Mon Aug 07 2023 16:42:41 GMT+0530 (India Standard Time) : /api/employees?skip=0&take=1 : GET
[2023-08-07T11:16:44.834Z] WinstonService [32minfo[39m: server is listening to 3000
[2023-08-07T11:16:49.848Z] WinstonService [32minfo[39m: Mon Aug 07 2023 16:46:49 GMT+0530 (India Standard Time) : /api/employees?skip=0&take=1 : GET
[2023-08-07T11:18:19.533Z] WinstonService [32minfo[39m: Mon Aug 07 2023 16:48:19 GMT+0530 (India Standard Time) : /api/employees?skip=0&take=1 : GET
[2023-08-07T11:18:36.098Z] WinstonService [32minfo[39m: server is listening to 3000
[2023-08-07T11:18:39.301Z] WinstonService [32minfo[39m: Mon Aug 07 2023 16:48:39 GMT+0530 (India Standard Time) : /api/employees?skip=0&take=1 : GET
[2023-08-07T11:21:18.952Z] WinstonService [32minfo[39m: Mon Aug 07 2023 16:51:18 GMT+0530 (India Standard Time) : /api/employees?skip=0&take=1 : GET
[2023-08-07T11:25:13.834Z] WinstonService [32minfo[39m: server is listening to 3000
[2023-08-07T11:25:16.850Z] WinstonService [32minfo[39m: Mon Aug 07 2023 16:55:16 GMT+0530 (India Standard Time) : /api/employees?skip=0&take=1 : GET
[2023-08-07T11:25:53.396Z] WinstonService [32minfo[39m: Mon Aug 07 2023 16:55:53 GMT+0530 (India Standard Time) : /api/employees?skip=0&take=1 : GET
[2023-08-07T11:26:03.314Z] WinstonService [32minfo[39m: Mon Aug 07 2023 16:56:03 GMT+0530 (India Standard Time) : /api/employees?skip=1&take=1 : GET
[2023-08-07T11:28:11.215Z] WinstonService [32minfo[39m: Mon Aug 07 2023 16:58:11 GMT+0530 (India Standard Time) : /api/employees : POST
[2023-08-07T11:28:29.331Z] WinstonService [32minfo[39m: Mon Aug 07 2023 16:58:29 GMT+0530 (India Standard Time) : /api/employees?skip=1&take=1 : GET
[2023-08-07T11:28:40.958Z] WinstonService [32minfo[39m: Mon Aug 07 2023 16:58:40 GMT+0530 (India Standard Time) : /api/employees : GET
[2023-08-07T11:45:39.676Z] WinstonService [32minfo[39m: server is listening to 3000
[2023-08-07T11:45:55.658Z] WinstonService [32minfo[39m: Mon Aug 07 2023 17:15:55 GMT+0530 (India Standard Time) : /api/employees : GET
[2023-08-07T11:46:35.502Z] WinstonService [32minfo[39m: server is listening to 3000
[2023-08-07T11:46:46.439Z] WinstonService [32minfo[39m: Mon Aug 07 2023 17:16:46 GMT+0530 (India Standard Time) : /api/employees : GET
[2023-08-07T11:46:58.463Z] WinstonService [32minfo[39m: server is listening to 3000
[2023-08-07T11:47:01.978Z] WinstonService [32minfo[39m: Mon Aug 07 2023 17:17:01 GMT+0530 (India Standard Time) : /api/employees : GET
[2023-08-07T11:47:37.345Z] WinstonService [32minfo[39m: Mon Aug 07 2023 17:17:37 GMT+0530 (India Standard Time) : /api/employees?skip=10&take=10 : GET
